<?xml version="1.0" encoding="UTF-8"?>
<testng-results ignored="0" total="1" passed="1" failed="0" skipped="0">
  <reporter-output>
  </reporter-output>
  <suite started-at="2025-08-24T18:03:42 IST" name="LoginSuite" finished-at="2025-08-24T18:03:55 IST" duration-ms="12707">
    <groups>
    </groups>
    <test started-at="2025-08-24T18:03:42 IST" name="LoginTests" finished-at="2025-08-24T18:03:55 IST" duration-ms="12707">
      <class name="test.LoginTest">
        <test-method is-config="true" signature="setup()[pri:0, instance:test.LoginTest@4550bb58]" started-at="2025-08-24T18:03:42 IST" name="setup" finished-at="2025-08-24T18:03:51 IST" duration-ms="8037" status="PASS">
          <reporter-output>
          </reporter-output>
        </test-method> <!-- setup -->
        <test-method signature="Login()[pri:0, instance:test.LoginTest@4550bb58]" started-at="2025-08-24T18:03:51 IST" name="Login" finished-at="2025-08-24T18:03:55 IST" duration-ms="4555" status="PASS">
          <reporter-output>
          </reporter-output>
        </test-method> <!-- Login -->
        <test-method is-config="true" signature="teardown()[pri:0, instance:test.LoginTest@4550bb58]" started-at="2025-08-24T18:03:55 IST" name="teardown" finished-at="2025-08-24T18:03:55 IST" duration-ms="10" status="PASS">
          <reporter-output>
          </reporter-output>
        </test-method> <!-- teardown -->
      </class> <!-- test.LoginTest -->
    </test> <!-- LoginTests -->
  </suite> <!-- LoginSuite -->
</testng-results>
